e:\lcs\year 2\object orientated\assignment\wally\wallyc\debug\wallyc.pch
e:\lcs\year 2\object orientated\assignment\wally\wallyc\debug\vc140.pdb
e:\lcs\year 2\object orientated\assignment\wally\wallyc\debug\vc140.idb
e:\lcs\year 2\object orientated\assignment\wally\wallyc\debug\stdafx.obj
e:\lcs\year 2\object orientated\assignment\wally\wallyc\debug\blank.obj
e:\lcs\year 2\object orientated\assignment\wally\wallyc\debug\largei.obj
e:\lcs\year 2\object orientated\assignment\wally\wallyc\debug\matchimage.obj
e:\lcs\year 2\object orientated\assignment\wally\wallyc\debug\wallyc.obj
e:\lcs\year 2\object orientated\assignment\wally\wallyc\debug\image.obj
e:\lcs\year 2\object orientated\assignment\wally\wallyc\debug\wallyc.res
e:\lcs\year 2\object orientated\assignment\wally\debug\wallyc.ilk
e:\lcs\year 2\object orientated\assignment\wally\debug\wallyc.exe
e:\lcs\year 2\object orientated\assignment\wally\debug\wallyc.pdb
e:\lcs\year 2\object orientated\assignment\wally\wallyc\debug\largei.obj.enc
e:\lcs\year 2\object orientated\assignment\wally\wallyc\debug\image.obj.enc
e:\lcs\year 2\object orientated\assignment\wally\wallyc\debug\wallyc.tlog\cl.read.1.tlog
e:\lcs\year 2\object orientated\assignment\wally\wallyc\debug\wallyc.tlog\rc.read.1.tlog
e:\lcs\year 2\object orientated\assignment\wally\wallyc\debug\wallyc.tlog\cl.write.1.tlog
e:\lcs\year 2\object orientated\assignment\wally\wallyc\debug\wallyc.tlog\cl.command.1.tlog
e:\lcs\year 2\object orientated\assignment\wally\wallyc\debug\wallyc.tlog\link.read.1.tlog
e:\lcs\year 2\object orientated\assignment\wally\wallyc\debug\wallyc.tlog\rc.write.1.tlog
e:\lcs\year 2\object orientated\assignment\wally\wallyc\debug\wallyc.tlog\rc.command.1.tlog
e:\lcs\year 2\object orientated\assignment\wally\wallyc\debug\wallyc.tlog\link.command.1.tlog
e:\lcs\year 2\object orientated\assignment\wally\wallyc\debug\wallyc.tlog\link.write.1.tlog
